c:\users\admin\desktop\winver-main\winver\x64\debug\vc143.pdb
c:\users\admin\desktop\winver-main\winver\x64\debug\vc143.idb
c:\users\admin\desktop\winver-main\winver\x64\debug\winver.obj
c:\users\admin\desktop\winver-main\winver\x64\debug\functions.obj
c:\users\admin\desktop\winver-main\winver\x64\debug\dpihelpers.obj
c:\users\admin\desktop\winver-main\x64\debug\winver.exe
c:\users\admin\desktop\winver-main\x64\debug\winver.pdb
c:\users\admin\desktop\winver-main\winver\x64\debug\winver.res
c:\users\admin\desktop\winver-main\winver\x64\debug\winver.ilk
c:\users\admin\desktop\winver-main\winver\x64\debug\winver.tlog\cl.command.1.tlog
c:\users\admin\desktop\winver-main\winver\x64\debug\winver.tlog\cl.items.tlog
c:\users\admin\desktop\winver-main\winver\x64\debug\winver.tlog\cl.read.1.tlog
c:\users\admin\desktop\winver-main\winver\x64\debug\winver.tlog\cl.write.1.tlog
c:\users\admin\desktop\winver-main\winver\x64\debug\winver.tlog\link.command.1.tlog
c:\users\admin\desktop\winver-main\winver\x64\debug\winver.tlog\link.read.1.tlog
c:\users\admin\desktop\winver-main\winver\x64\debug\winver.tlog\link.secondary.1.tlog
c:\users\admin\desktop\winver-main\winver\x64\debug\winver.tlog\link.write.1.tlog
c:\users\admin\desktop\winver-main\winver\x64\debug\winver.tlog\rc.command.1.tlog
c:\users\admin\desktop\winver-main\winver\x64\debug\winver.tlog\rc.read.1.tlog
c:\users\admin\desktop\winver-main\winver\x64\debug\winver.tlog\rc.write.1.tlog
